2025-03-25 17:39:16,401	INFO	module:_logger
This is BioCypher v0.9.1.
2025-03-25 17:39:16,401	INFO	module:_logger
Logging into `biocypher-log\biocypher-20250325-173916.log`.
2025-03-25 17:39:16,405	DEBUG	module:_create
Loading module biocypher._create.
2025-03-25 17:39:16,408	DEBUG	module:_deduplicate
Loading module biocypher._deduplicate.
2025-03-25 17:39:23,022	DEBUG	module:_misc
Loading module biocypher._misc.
2025-03-25 17:39:23,026	DEBUG	module:_get
Loading module biocypher._get.
2025-03-25 17:39:23,031	DEBUG	module:_mapping
Loading module biocypher._mapping.
2025-03-25 17:39:23,715	DEBUG	module:_ontology
Loading module biocypher._ontology.
2025-03-25 17:39:23,747	DEBUG	module:_translate
Loading module biocypher._translate.
2025-03-25 17:39:25,235	DEBUG	module:_neo4j_driver
Loading module biocypher.output.connect._neo4j_driver.
2025-03-25 17:39:25,235	DEBUG	module:_get_connector
Loading module biocypher.output.connect._get_connector.
2025-03-25 17:39:32,488	DEBUG	module:_get_in_memory_kg
Loading module biocypher.output.in_memory._get_in_memory_kg.
2025-03-25 17:39:32,546	DEBUG	module:_get_writer
Loading module biocypher.output.write._get_writer.
2025-03-25 17:39:32,546	DEBUG	module:_core
Loading module biocypher._core.
2025-03-25 17:39:32,546	DEBUG	module:adapter_1
Loading module adapters.adapter_1.
