2025-03-22 12:28:11,368	INFO	module:_logger
This is BioCypher v0.9.1.
2025-03-22 12:28:11,368	INFO	module:_logger
Logging into `biocypher-log\biocypher-20250322-122811.log`.
2025-03-22 12:28:11,376	DEBUG	module:_create
Loading module biocypher._create.
2025-03-22 12:28:11,384	DEBUG	module:_deduplicate
Loading module biocypher._deduplicate.
2025-03-22 12:28:14,207	DEBUG	module:_misc
Loading module biocypher._misc.
2025-03-22 12:28:14,207	DEBUG	module:_get
Loading module biocypher._get.
2025-03-22 12:28:14,207	DEBUG	module:_mapping
Loading module biocypher._mapping.
2025-03-22 12:28:14,734	DEBUG	module:_ontology
Loading module biocypher._ontology.
2025-03-22 12:28:14,750	DEBUG	module:_translate
Loading module biocypher._translate.
2025-03-22 12:28:15,798	DEBUG	module:_neo4j_driver
Loading module biocypher.output.connect._neo4j_driver.
2025-03-22 12:28:15,798	DEBUG	module:_get_connector
Loading module biocypher.output.connect._get_connector.
2025-03-22 12:28:17,356	DEBUG	module:_get_in_memory_kg
Loading module biocypher.output.in_memory._get_in_memory_kg.
2025-03-22 12:28:17,388	DEBUG	module:_get_writer
Loading module biocypher.output.write._get_writer.
2025-03-22 12:28:17,388	DEBUG	module:_core
Loading module biocypher._core.
2025-03-22 12:28:17,388	DEBUG	module:genomic_region_adapter
Loading module __main__.
